This file contains any messages produced by compilers while
running configure, to aid debugging if configure makes a mistake.

It was created by konoha configure 0.3.11, which was
generated by GNU Autoconf 2.61.  Invocation command line was

  $ ./configure --no-create --no-recursion

## --------- ##
## Platform. ##
## --------- ##

hostname = kakashi.local
uname -m = i386
uname -r = 9.6.0
uname -s = Darwin
uname -v = Darwin Kernel Version 9.6.0: Mon Nov 24 17:37:00 PST 2008; root:xnu-1228.9.59~1/RELEASE_I386

/usr/bin/uname -p = i386
/bin/uname -X     = unknown

/bin/arch              = unknown
/usr/bin/arch -k       = unknown
/usr/convex/getsysinfo = unknown
/usr/bin/hostinfo      = Mach kernel version:
	 Darwin Kernel Version 9.6.0: Mon Nov 24 17:37:00 PST 2008; root:xnu-1228.9.59~1/RELEASE_I386
Kernel configured for up to 2 processors.
2 processors are physically available.
2 processors are logically available.
Processor type: i486 (Intel 80486)
Processors active: 0 1
Primary memory available: 2.00 gigabytes
Default processor set: 57 tasks, 194 threads, 2 processors
Load average: 0.65, Mach factor: 1.33
/bin/machine           = unknown
/usr/bin/oslevel       = unknown
/bin/universe          = unknown

PATH: /usr/bin
PATH: /bin
PATH: /usr/sbin
PATH: /sbin
PATH: /usr/local/bin
PATH: /usr/X11/bin


## ----------- ##
## Core tests. ##
## ----------- ##

configure:2002: checking for a BSD-compatible install
configure:2058: result: /usr/bin/install -c
configure:2069: checking whether build environment is sane
configure:2112: result: yes
configure:2140: checking for a thread-safe mkdir -p
configure:2179: result: ./install-sh -c -d
configure:2192: checking for gawk
configure:2222: result: no
configure:2192: checking for mawk
configure:2222: result: no
configure:2192: checking for nawk
configure:2222: result: no
configure:2192: checking for awk
configure:2208: found /usr/bin/awk
configure:2219: result: awk
configure:2230: checking whether make sets $(MAKE)
configure:2251: result: yes
configure:2484: checking for gcc
configure:2500: found /usr/bin/gcc
configure:2511: result: gcc
configure:2749: checking for C compiler version
configure:2756: gcc --version >&5
i686-apple-darwin9-gcc-4.0.1 (GCC) 4.0.1 (Apple Inc. build 5490)
Copyright (C) 2005 Free Software Foundation, Inc.
This is free software; see the source for copying conditions.  There is NO
warranty; not even for MERCHANTABILITY or FITNESS FOR A PARTICULAR PURPOSE.

configure:2759: $? = 0
configure:2766: gcc -v >&5
Using built-in specs.
Target: i686-apple-darwin9
Configured with: /var/tmp/gcc/gcc-5490~1/src/configure --disable-checking -enable-werror --prefix=/usr --mandir=/share/man --enable-languages=c,objc,c++,obj-c++ --program-transform-name=/^[cg][^.-]*$/s/$/-4.0/ --with-gxx-include-dir=/include/c++/4.0.0 --with-slibdir=/usr/lib --build=i686-apple-darwin9 --with-arch=apple --with-tune=generic --host=i686-apple-darwin9 --target=i686-apple-darwin9
Thread model: posix
gcc version 4.0.1 (Apple Inc. build 5490)
configure:2769: $? = 0
configure:2776: gcc -V >&5
gcc-4.0: argument to `-V' is missing
configure:2779: $? = 1
configure:2802: checking for C compiler default output file name
configure:2829: gcc    conftest.c  >&5
configure:2832: $? = 0
configure:2870: result: a.out
configure:2887: checking whether the C compiler works
configure:2897: ./a.out
configure:2900: $? = 0
configure:2917: result: yes
configure:2924: checking whether we are cross compiling
configure:2926: result: no
configure:2929: checking for suffix of executables
configure:2936: gcc -o conftest    conftest.c  >&5
configure:2939: $? = 0
configure:2963: result: 
configure:2969: checking for suffix of object files
configure:2995: gcc -c   conftest.c >&5
configure:2998: $? = 0
configure:3021: result: o
configure:3025: checking whether we are using the GNU C compiler
configure:3054: gcc -c   conftest.c >&5
configure:3060: $? = 0
configure:3077: result: yes
configure:3082: checking whether gcc accepts -g
configure:3112: gcc -c -g  conftest.c >&5
configure:3118: $? = 0
configure:3217: result: yes
configure:3234: checking for gcc option to accept ISO C89
configure:3308: gcc  -c -g -O2  conftest.c >&5
configure:3314: $? = 0
configure:3337: result: none needed
configure:3366: checking for style of include used by make
configure:3394: result: GNU
configure:3419: checking dependency style of gcc
configure:3510: result: gcc3
configure:3538: checking for a BSD-compatible install
configure:3594: result: /usr/bin/install -c
configure:3690: checking build system type
configure:3708: result: i386-apple-darwin9.6.0
configure:3730: checking host system type
configure:3745: result: i386-apple-darwin9.6.0
configure:3767: checking for a sed that does not truncate output
configure:3821: result: /usr/bin/sed
configure:3824: checking for grep that handles long lines and -e
configure:3898: result: /usr/bin/grep
configure:3903: checking for egrep
configure:3981: result: /usr/bin/grep -E
configure:3997: checking for ld used by gcc
configure:4064: result: /usr/libexec/gcc/i686-apple-darwin9/4.0.1/ld
configure:4073: checking if the linker (/usr/libexec/gcc/i686-apple-darwin9/4.0.1/ld) is GNU ld
configure:4088: result: no
configure:4093: checking for /usr/libexec/gcc/i686-apple-darwin9/4.0.1/ld option to reload object files
configure:4100: result: -r
configure:4118: checking for BSD-compatible nm
configure:4167: result: /usr/bin/nm -p
configure:4171: checking whether ln -s works
configure:4175: result: yes
configure:4182: checking how to recognise dependent libraries
configure:4358: result: pass_all
configure:4882: checking how to run the C preprocessor
configure:4922: gcc -E  conftest.c
configure:4928: $? = 0
configure:4959: gcc -E  conftest.c
conftest.c:8:28: error: ac_nonexistent.h: No such file or directory
configure:4965: $? = 1
configure: failed program was:
| /* confdefs.h.  */
| #define PACKAGE_NAME "konoha"
| #define PACKAGE_TARNAME "konoha"
| #define PACKAGE_VERSION "0.3.11"
| #define PACKAGE_STRING "konoha 0.3.11"
| #define PACKAGE_BUGREPORT "konoha-bugs@list.sourceforge.jp"
| /* end confdefs.h.  */
| #include <ac_nonexistent.h>
configure:4998: result: gcc -E
configure:5027: gcc -E  conftest.c
configure:5033: $? = 0
configure:5064: gcc -E  conftest.c
conftest.c:8:28: error: ac_nonexistent.h: No such file or directory
configure:5070: $? = 1
configure: failed program was:
| /* confdefs.h.  */
| #define PACKAGE_NAME "konoha"
| #define PACKAGE_TARNAME "konoha"
| #define PACKAGE_VERSION "0.3.11"
| #define PACKAGE_STRING "konoha 0.3.11"
| #define PACKAGE_BUGREPORT "konoha-bugs@list.sourceforge.jp"
| /* end confdefs.h.  */
| #include <ac_nonexistent.h>
configure:5108: checking for ANSI C header files
configure:5138: gcc -c -g -O2  conftest.c >&5
configure:5144: $? = 0
configure:5243: gcc -o conftest -g -O2   conftest.c  >&5
configure:5246: $? = 0
configure:5252: ./conftest
configure:5255: $? = 0
configure:5272: result: yes
configure:5296: checking for sys/types.h
configure:5317: gcc -c -g -O2  conftest.c >&5
configure:5323: $? = 0
configure:5339: result: yes
configure:5296: checking for sys/stat.h
configure:5317: gcc -c -g -O2  conftest.c >&5
configure:5323: $? = 0
configure:5339: result: yes
configure:5296: checking for stdlib.h
configure:5317: gcc -c -g -O2  conftest.c >&5
configure:5323: $? = 0
configure:5339: result: yes
configure:5296: checking for string.h
configure:5317: gcc -c -g -O2  conftest.c >&5
configure:5323: $? = 0
configure:5339: result: yes
configure:5296: checking for memory.h
configure:5317: gcc -c -g -O2  conftest.c >&5
configure:5323: $? = 0
configure:5339: result: yes
configure:5296: checking for strings.h
configure:5317: gcc -c -g -O2  conftest.c >&5
configure:5323: $? = 0
configure:5339: result: yes
configure:5296: checking for inttypes.h
configure:5317: gcc -c -g -O2  conftest.c >&5
configure:5323: $? = 0
configure:5339: result: yes
configure:5296: checking for stdint.h
configure:5317: gcc -c -g -O2  conftest.c >&5
configure:5323: $? = 0
configure:5339: result: yes
configure:5296: checking for unistd.h
configure:5317: gcc -c -g -O2  conftest.c >&5
configure:5323: $? = 0
configure:5339: result: yes
configure:5366: checking dlfcn.h usability
configure:5383: gcc -c -g -O2  conftest.c >&5
configure:5389: $? = 0
configure:5403: result: yes
configure:5407: checking dlfcn.h presence
configure:5422: gcc -E  conftest.c
configure:5428: $? = 0
configure:5442: result: yes
configure:5475: checking for dlfcn.h
configure:5483: result: yes
configure:5554: checking for g++
configure:5570: found /usr/bin/g++
configure:5581: result: g++
configure:5612: checking for C++ compiler version
configure:5619: g++ --version >&5
i686-apple-darwin9-g++-4.0.1 (GCC) 4.0.1 (Apple Inc. build 5490)
Copyright (C) 2005 Free Software Foundation, Inc.
This is free software; see the source for copying conditions.  There is NO
warranty; not even for MERCHANTABILITY or FITNESS FOR A PARTICULAR PURPOSE.

configure:5622: $? = 0
configure:5629: g++ -v >&5
Using built-in specs.
Target: i686-apple-darwin9
Configured with: /var/tmp/gcc/gcc-5490~1/src/configure --disable-checking -enable-werror --prefix=/usr --mandir=/share/man --enable-languages=c,objc,c++,obj-c++ --program-transform-name=/^[cg][^.-]*$/s/$/-4.0/ --with-gxx-include-dir=/include/c++/4.0.0 --with-slibdir=/usr/lib --build=i686-apple-darwin9 --with-arch=apple --with-tune=generic --host=i686-apple-darwin9 --target=i686-apple-darwin9
Thread model: posix
gcc version 4.0.1 (Apple Inc. build 5490)
configure:5632: $? = 0
configure:5639: g++ -V >&5
g++-4.0: argument to `-V' is missing
configure:5642: $? = 1
configure:5645: checking whether we are using the GNU C++ compiler
configure:5674: g++ -c   conftest.cpp >&5
configure:5680: $? = 0
configure:5697: result: yes
configure:5702: checking whether g++ accepts -g
configure:5732: g++ -c -g  conftest.cpp >&5
configure:5738: $? = 0
configure:5837: result: yes
configure:5862: checking dependency style of g++
configure:5953: result: gcc3
configure:5978: checking how to run the C++ preprocessor
configure:6014: g++ -E  conftest.cpp
configure:6020: $? = 0
configure:6051: g++ -E  conftest.cpp
conftest.cpp:19:28: error: ac_nonexistent.h: No such file or directory
configure:6057: $? = 1
configure: failed program was:
| /* confdefs.h.  */
| #define PACKAGE_NAME "konoha"
| #define PACKAGE_TARNAME "konoha"
| #define PACKAGE_VERSION "0.3.11"
| #define PACKAGE_STRING "konoha 0.3.11"
| #define PACKAGE_BUGREPORT "konoha-bugs@list.sourceforge.jp"
| #define STDC_HEADERS 1
| #define HAVE_SYS_TYPES_H 1
| #define HAVE_SYS_STAT_H 1
| #define HAVE_STDLIB_H 1
| #define HAVE_STRING_H 1
| #define HAVE_MEMORY_H 1
| #define HAVE_STRINGS_H 1
| #define HAVE_INTTYPES_H 1
| #define HAVE_STDINT_H 1
| #define HAVE_UNISTD_H 1
| #define HAVE_DLFCN_H 1
| /* end confdefs.h.  */
| #include <ac_nonexistent.h>
configure:6090: result: g++ -E
configure:6119: g++ -E  conftest.cpp
configure:6125: $? = 0
configure:6156: g++ -E  conftest.cpp
conftest.cpp:19:28: error: ac_nonexistent.h: No such file or directory
configure:6162: $? = 1
configure: failed program was:
| /* confdefs.h.  */
| #define PACKAGE_NAME "konoha"
| #define PACKAGE_TARNAME "konoha"
| #define PACKAGE_VERSION "0.3.11"
| #define PACKAGE_STRING "konoha 0.3.11"
| #define PACKAGE_BUGREPORT "konoha-bugs@list.sourceforge.jp"
| #define STDC_HEADERS 1
| #define HAVE_SYS_TYPES_H 1
| #define HAVE_SYS_STAT_H 1
| #define HAVE_STDLIB_H 1
| #define HAVE_STRING_H 1
| #define HAVE_MEMORY_H 1
| #define HAVE_STRINGS_H 1
| #define HAVE_INTTYPES_H 1
| #define HAVE_STDINT_H 1
| #define HAVE_UNISTD_H 1
| #define HAVE_DLFCN_H 1
| /* end confdefs.h.  */
| #include <ac_nonexistent.h>
configure:6255: checking for g77
configure:6285: result: no
configure:6255: checking for xlf
configure:6285: result: no
configure:6255: checking for f77
configure:6285: result: no
configure:6255: checking for frt
configure:6285: result: no
configure:6255: checking for pgf77
configure:6285: result: no
configure:6255: checking for cf77
configure:6285: result: no
configure:6255: checking for fort77
configure:6285: result: no
configure:6255: checking for fl32
configure:6285: result: no
configure:6255: checking for af77
configure:6285: result: no
configure:6255: checking for xlf90
configure:6285: result: no
configure:6255: checking for f90
configure:6285: result: no
configure:6255: checking for pgf90
configure:6285: result: no
configure:6255: checking for pghpf
configure:6285: result: no
configure:6255: checking for epcf90
configure:6285: result: no
configure:6255: checking for gfortran
configure:6285: result: no
configure:6255: checking for g95
configure:6285: result: no
configure:6255: checking for xlf95
configure:6285: result: no
configure:6255: checking for f95
configure:6285: result: no
configure:6255: checking for fort
configure:6285: result: no
configure:6255: checking for ifort
configure:6285: result: no
configure:6255: checking for ifc
configure:6285: result: no
configure:6255: checking for efc
configure:6285: result: no
configure:6255: checking for pgf95
configure:6285: result: no
configure:6255: checking for lf95
configure:6285: result: no
configure:6255: checking for ftn
configure:6285: result: no
configure:6312: checking for Fortran 77 compiler version
configure:6319:  --version >&5
./configure: line 6320: --version: command not found
configure:6322: $? = 127
configure:6329:  -v >&5
./configure: line 6330: -v: command not found
configure:6332: $? = 127
configure:6339:  -V >&5
./configure: line 6340: -V: command not found
configure:6342: $? = 127
configure:6350: checking whether we are using the GNU Fortran 77 compiler
configure:6369:  -c  conftest.F >&5
./configure: line 6370: -c: command not found
configure:6375: $? = 127
configure: failed program was:
|       program main
| #ifndef __GNUC__
|        choke me
| #endif
| 
|       end
configure:6392: result: no
configure:6398: checking whether  accepts -g
configure:6415:  -c -g conftest.f >&5
./configure: line 6416: -c: command not found
configure:6421: $? = 127
configure: failed program was:
|       program main
| 
|       end
configure:6437: result: no
configure:6467: checking the maximum length of command line arguments
configure:6576: result: 196608
configure:6587: checking command to parse /usr/bin/nm -p output from gcc object
configure:6692: gcc -c -g -O2  conftest.c >&5
configure:6695: $? = 0
configure:6699: /usr/bin/nm -p conftest.o \| sed -n -e 's/^.*[ 	]\([BCDEGRST][BCDEGRST]*\)[ 	][ 	]*\([_A-Za-z][_A-Za-z0-9]*\)$/\1 \2 \2/p' \> conftest.nm
configure:6702: $? = 0
cannot find nm_test_var in conftest.nm
configure:6692: gcc -c -g -O2  conftest.c >&5
configure:6695: $? = 0
configure:6699: /usr/bin/nm -p conftest.o \| sed -n -e 's/^.*[ 	]\([BCDEGRST][BCDEGRST]*\)[ 	][ 	]*_\([_A-Za-z][_A-Za-z0-9]*\)$/\1 _\2 \2/p' \> conftest.nm
configure:6702: $? = 0
configure:6754: gcc -o conftest -g -O2   conftest.c conftstm.o >&5
configure:6757: $? = 0
configure:6795: result: ok
configure:6799: checking for objdir
configure:6814: result: .libs
configure:6906: checking for ar
configure:6922: found /usr/bin/ar
configure:6933: result: ar
configure:7002: checking for ranlib
configure:7018: found /usr/bin/ranlib
configure:7029: result: ranlib
configure:7098: checking for strip
configure:7114: found /usr/bin/strip
configure:7125: result: strip
configure:7411: checking if gcc supports -fno-rtti -fno-exceptions
configure:7429: gcc -c -g -O2  -fno-rtti -fno-exceptions conftest.c >&5
cc1: warning: command line option "-fno-rtti" is valid for C++/ObjC++ but not for C
configure:7433: $? = 0
configure:7446: result: no
configure:7461: checking for gcc option to produce PIC
configure:7671: result: -fno-common
configure:7679: checking if gcc PIC flag -fno-common works
configure:7697: gcc -c -g -O2  -fno-common -DPIC conftest.c >&5
configure:7701: $? = 0
configure:7714: result: yes
configure:7742: checking if gcc static flag -static works
configure:7770: result: no
configure:7780: checking if gcc supports -c -o file.o
configure:7801: gcc -c -g -O2  -o out/conftest2.o conftest.c >&5
configure:7805: $? = 0
configure:7827: result: yes
configure:7853: checking whether the gcc linker (/usr/libexec/gcc/i686-apple-darwin9/4.0.1/ld) supports shared libraries
configure:8807: result: yes
configure:8874: checking dynamic linker characteristics
configure:9462: result: darwin9.6.0 dyld
configure:9471: checking how to hardcode library paths into programs
configure:9496: result: immediate
configure:9510: checking whether stripping libraries is possible
configure:9523: result: yes
configure:10316: checking if libtool supports shared libraries
configure:10318: result: yes
configure:10321: checking whether to build shared libraries
configure:10342: result: yes
configure:10345: checking whether to build static libraries
configure:10349: result: no
configure:10441: creating libtool
configure:11029: checking for ld used by g++
configure:11096: result: /usr/libexec/gcc/i686-apple-darwin9/4.0.1/ld
configure:11105: checking if the linker (/usr/libexec/gcc/i686-apple-darwin9/4.0.1/ld) is GNU ld
configure:11120: result: no
configure:11171: checking whether the g++ linker (/usr/libexec/gcc/i686-apple-darwin9/4.0.1/ld) supports shared libraries
configure:12105: result: yes
configure:12123: g++ -c -g -O2  conftest.cpp >&5
configure:12126: $? = 0
configure:12245: checking for g++ option to produce PIC
configure:12519: result: -fno-common
configure:12527: checking if g++ PIC flag -fno-common works
configure:12545: g++ -c -g -O2  -fno-common -DPIC conftest.cpp >&5
configure:12549: $? = 0
configure:12562: result: yes
configure:12590: checking if g++ static flag -static works
configure:12618: result: no
configure:12628: checking if g++ supports -c -o file.o
configure:12649: g++ -c -g -O2  -o out/conftest2.o conftest.cpp >&5
configure:12653: $? = 0
configure:12675: result: yes
configure:12701: checking whether the g++ linker (/usr/libexec/gcc/i686-apple-darwin9/4.0.1/ld) supports shared libraries
configure:12726: result: yes
configure:12793: checking dynamic linker characteristics
configure:13381: result: darwin9.6.0 dyld
configure:13390: checking how to hardcode library paths into programs
configure:13415: result: immediate
configure:19714: checking for ANSI C header files
configure:19878: result: yes
configure:19913: checking float.h usability
configure:19930: gcc -c -g -O2  conftest.c >&5
configure:19936: $? = 0
configure:19950: result: yes
configure:19954: checking float.h presence
configure:19969: gcc -E  conftest.c
configure:19975: $? = 0
configure:19989: result: yes
configure:20022: checking for float.h
configure:20030: result: yes
configure:19913: checking langinfo.h usability
configure:19930: gcc -c -g -O2  conftest.c >&5
configure:19936: $? = 0
configure:19950: result: yes
configure:19954: checking langinfo.h presence
configure:19969: gcc -E  conftest.c
configure:19975: $? = 0
configure:19989: result: yes
configure:20022: checking for langinfo.h
configure:20030: result: yes
configure:19913: checking localcharset.h usability
configure:19930: gcc -c -g -O2  conftest.c >&5
configure:19936: $? = 0
configure:19950: result: yes
configure:19954: checking localcharset.h presence
configure:19969: gcc -E  conftest.c
configure:19975: $? = 0
configure:19989: result: yes
configure:20022: checking for localcharset.h
configure:20030: result: yes
configure:19913: checking limits.h usability
configure:19930: gcc -c -g -O2  conftest.c >&5
configure:19936: $? = 0
configure:19950: result: yes
configure:19954: checking limits.h presence
configure:19969: gcc -E  conftest.c
configure:19975: $? = 0
configure:19989: result: yes
configure:20022: checking for limits.h
configure:20030: result: yes
configure:19913: checking locale.h usability
configure:19930: gcc -c -g -O2  conftest.c >&5
configure:19936: $? = 0
configure:19950: result: yes
configure:19954: checking locale.h presence
configure:19969: gcc -E  conftest.c
configure:19975: $? = 0
configure:19989: result: yes
configure:20022: checking for locale.h
configure:20030: result: yes
configure:19903: checking for stdlib.h
configure:19909: result: yes
configure:19903: checking for string.h
configure:19909: result: yes
configure:19913: checking sys/time.h usability
configure:19930: gcc -c -g -O2  conftest.c >&5
configure:19936: $? = 0
configure:19950: result: yes
configure:19954: checking sys/time.h presence
configure:19969: gcc -E  conftest.c
configure:19975: $? = 0
configure:19989: result: yes
configure:20022: checking for sys/time.h
configure:20030: result: yes
configure:19903: checking for unistd.h
configure:19909: result: yes
configure:19913: checking iconv.h usability
configure:19930: gcc -c -g -O2  conftest.c >&5
configure:19936: $? = 0
configure:19950: result: yes
configure:19954: checking iconv.h presence
configure:19969: gcc -E  conftest.c
configure:19975: $? = 0
configure:19989: result: yes
configure:20022: checking for iconv.h
configure:20030: result: yes
configure:19913: checking readline/readline.h usability
configure:19930: gcc -c -g -O2  conftest.c >&5
configure:19936: $? = 0
configure:19950: result: yes
configure:19954: checking readline/readline.h presence
configure:19969: gcc -E  conftest.c
configure:19975: $? = 0
configure:19989: result: yes
configure:20022: checking for readline/readline.h
configure:20030: result: yes
configure:20045: checking for an ANSI C-conforming const
configure:20120: gcc -c -g -O2  conftest.c >&5
configure:20126: $? = 0
configure:20141: result: yes
configure:20151: checking for size_t
configure:20181: gcc -c -g -O2  conftest.c >&5
configure:20187: $? = 0
configure:20202: result: yes
configure:20214: checking whether time.h and sys/time.h may both be included
configure:20244: gcc -c -g -O2  conftest.c >&5
configure:20250: $? = 0
configure:20265: result: yes
configure:20275: checking whether struct tm is in sys/time.h or time.h
configure:20305: gcc -c -g -O2  conftest.c >&5
configure:20311: $? = 0
configure:20326: result: time.h
configure:20343: checking for stdlib.h
configure:20349: result: yes
configure:20483: checking for GNU libc compatible malloc
configure:20517: gcc -o conftest -g -O2   conftest.c  >&5
configure:20520: $? = 0
configure:20526: ./conftest
configure:20529: $? = 0
configure:20545: result: yes
configure:20579: checking for isascii
configure:20635: gcc -o conftest -g -O2   conftest.c  >&5
conftest.c:57: warning: conflicting types for built-in function 'isascii'
configure:20641: $? = 0
configure:20659: result: yes
configure:20579: checking for memset
configure:20635: gcc -o conftest -g -O2   conftest.c  >&5
conftest.c:58: warning: conflicting types for built-in function 'memset'
configure:20641: $? = 0
configure:20659: result: yes
configure:20579: checking for realpath
configure:20635: gcc -o conftest -g -O2   conftest.c  >&5
configure:20641: $? = 0
configure:20659: result: yes
configure:20761: checking regex.h usability
configure:20778: gcc -c -g -O2  conftest.c >&5
configure:20784: $? = 0
configure:20798: result: yes
configure:20802: checking regex.h presence
configure:20817: gcc -E  conftest.c
configure:20823: $? = 0
configure:20837: result: yes
configure:20870: checking for regex.h
configure:20877: result: yes
configure:20952: checking for iconv_open in -liconv
configure:20987: gcc -o conftest -g -O2   conftest.c -liconv   >&5
configure:20993: $? = 0
configure:21011: result: yes
configure:21017: checking for iconv_open in -lc
configure:21052: gcc -o conftest -g -O2   conftest.c -lc   >&5
Undefined symbols:
  "_iconv_open", referenced from:
      _main in ccJRVAD3.o
ld: symbol(s) not found
collect2: ld returned 1 exit status
configure:21058: $? = 1
configure: failed program was:
| /* confdefs.h.  */
| #define PACKAGE_NAME "konoha"
| #define PACKAGE_TARNAME "konoha"
| #define PACKAGE_VERSION "0.3.11"
| #define PACKAGE_STRING "konoha 0.3.11"
| #define PACKAGE_BUGREPORT "konoha-bugs@list.sourceforge.jp"
| #define STDC_HEADERS 1
| #define HAVE_SYS_TYPES_H 1
| #define HAVE_SYS_STAT_H 1
| #define HAVE_STDLIB_H 1
| #define HAVE_STRING_H 1
| #define HAVE_MEMORY_H 1
| #define HAVE_STRINGS_H 1
| #define HAVE_INTTYPES_H 1
| #define HAVE_STDINT_H 1
| #define HAVE_UNISTD_H 1
| #define HAVE_DLFCN_H 1
| #define STDC_HEADERS 1
| #define HAVE_FLOAT_H 1
| #define HAVE_LANGINFO_H 1
| #define HAVE_LOCALCHARSET_H 1
| #define HAVE_LIMITS_H 1
| #define HAVE_LOCALE_H 1
| #define HAVE_STDLIB_H 1
| #define HAVE_STRING_H 1
| #define HAVE_SYS_TIME_H 1
| #define HAVE_UNISTD_H 1
| #define HAVE_ICONV_H 1
| #define HAVE_READLINE_READLINE_H 1
| #define TIME_WITH_SYS_TIME 1
| #define HAVE_STDLIB_H 1
| #define HAVE_MALLOC 1
| #define HAVE_ISASCII 1
| #define HAVE_MEMSET 1
| #define HAVE_REALPATH 1
| /* end confdefs.h.  */
| 
| /* Override any GCC internal prototype to avoid an error.
|    Use char because int might match the return type of a GCC
|    builtin and then its argument prototype would still apply.  */
| #ifdef __cplusplus
| extern "C"
| #endif
| char iconv_open ();
| int
| main ()
| {
| return iconv_open ();
|   ;
|   return 0;
| }
configure:21076: result: no
configure:21082: checking iconv detected
configure:21084: result: yes
configure:21124: checking for tputs in -lncurses
configure:21159: gcc -o conftest -g -O2   conftest.c -lncurses   -liconv >&5
configure:21165: $? = 0
configure:21183: result: yes
configure:21265: checking for readline in -lreadline
configure:21300: gcc -o conftest -g -O2   conftest.c -lreadline   -liconv >&5
configure:21306: $? = 0
configure:21324: result: yes
configure:21328: checking for readline/readline.h
configure:21333: result: yes
configure:21468: checking readline/history.h usability
configure:21485: gcc -c -g -O2  conftest.c >&5
configure:21491: $? = 0
configure:21505: result: yes
configure:21509: checking readline/history.h presence
configure:21524: gcc -E  conftest.c
configure:21530: $? = 0
configure:21544: result: yes
configure:21577: checking for readline/history.h
configure:21584: result: yes
configure:21598: checking readline detected
configure:21600: result: yes
configure:21641: checking for socket in -lsocket
configure:21676: gcc -o conftest -g -O2   conftest.c -lsocket   -liconv -lncurses -lreadline >&5
ld: library not found for -lsocket
collect2: ld returned 1 exit status
configure:21682: $? = 1
configure: failed program was:
| /* confdefs.h.  */
| #define PACKAGE_NAME "konoha"
| #define PACKAGE_TARNAME "konoha"
| #define PACKAGE_VERSION "0.3.11"
| #define PACKAGE_STRING "konoha 0.3.11"
| #define PACKAGE_BUGREPORT "konoha-bugs@list.sourceforge.jp"
| #define STDC_HEADERS 1
| #define HAVE_SYS_TYPES_H 1
| #define HAVE_SYS_STAT_H 1
| #define HAVE_STDLIB_H 1
| #define HAVE_STRING_H 1
| #define HAVE_MEMORY_H 1
| #define HAVE_STRINGS_H 1
| #define HAVE_INTTYPES_H 1
| #define HAVE_STDINT_H 1
| #define HAVE_UNISTD_H 1
| #define HAVE_DLFCN_H 1
| #define STDC_HEADERS 1
| #define HAVE_FLOAT_H 1
| #define HAVE_LANGINFO_H 1
| #define HAVE_LOCALCHARSET_H 1
| #define HAVE_LIMITS_H 1
| #define HAVE_LOCALE_H 1
| #define HAVE_STDLIB_H 1
| #define HAVE_STRING_H 1
| #define HAVE_SYS_TIME_H 1
| #define HAVE_UNISTD_H 1
| #define HAVE_ICONV_H 1
| #define HAVE_READLINE_READLINE_H 1
| #define TIME_WITH_SYS_TIME 1
| #define HAVE_STDLIB_H 1
| #define HAVE_MALLOC 1
| #define HAVE_ISASCII 1
| #define HAVE_MEMSET 1
| #define HAVE_REALPATH 1
| #define KNH_USING_READLINE 1
| /* end confdefs.h.  */
| 
| /* Override any GCC internal prototype to avoid an error.
|    Use char because int might match the return type of a GCC
|    builtin and then its argument prototype would still apply.  */
| #ifdef __cplusplus
| extern "C"
| #endif
| char socket ();
| int
| main ()
| {
| return socket ();
|   ;
|   return 0;
| }
configure:21700: result: no
configure:21706: checking for socket in -lc
configure:21741: gcc -o conftest -g -O2   conftest.c -lc   -liconv -lncurses -lreadline >&5
configure:21747: $? = 0
configure:21765: result: yes
configure:21771: checking socket detected
configure:21773: result: no
configure:21813: checking for sqlite3_open in -lsqlite3
configure:21848: gcc -o conftest -g -O2   conftest.c -lsqlite3   -liconv -lncurses -lreadline >&5
configure:21854: $? = 0
configure:21872: result: yes
configure:21878: checking sqlite3 detected
configure:21880: result: yes
configure:21913: checking for pthread_create in -lpthread
configure:21948: gcc -o conftest -g -O2   conftest.c -lpthread   -liconv -lncurses -lreadline -lsqlite3 >&5
configure:21954: $? = 0
configure:21972: result: yes
configure:21978: checking pthread detected
configure:21980: result: yes
configure:22039: result: this is NONE
configure:22182: creating ./config.status

## ---------------- ##
## Cache variables. ##
## ---------------- ##

ac_cv_build=i386-apple-darwin9.6.0
ac_cv_c_compiler_gnu=yes
ac_cv_c_const=yes
ac_cv_cxx_compiler_gnu=yes
ac_cv_env_CCC_set=
ac_cv_env_CCC_value=
ac_cv_env_CC_set=
ac_cv_env_CC_value=
ac_cv_env_CFLAGS_set=
ac_cv_env_CFLAGS_value=
ac_cv_env_CPPFLAGS_set=
ac_cv_env_CPPFLAGS_value=
ac_cv_env_CPP_set=
ac_cv_env_CPP_value=
ac_cv_env_CXXCPP_set=
ac_cv_env_CXXCPP_value=
ac_cv_env_CXXFLAGS_set=
ac_cv_env_CXXFLAGS_value=
ac_cv_env_CXX_set=
ac_cv_env_CXX_value=
ac_cv_env_F77_set=
ac_cv_env_F77_value=
ac_cv_env_FFLAGS_set=
ac_cv_env_FFLAGS_value=
ac_cv_env_LDFLAGS_set=
ac_cv_env_LDFLAGS_value=
ac_cv_env_LIBS_set=
ac_cv_env_LIBS_value=
ac_cv_env_build_alias_set=
ac_cv_env_build_alias_value=
ac_cv_env_host_alias_set=
ac_cv_env_host_alias_value=
ac_cv_env_target_alias_set=
ac_cv_env_target_alias_value=
ac_cv_f77_compiler_gnu=no
ac_cv_func_isascii=yes
ac_cv_func_malloc_0_nonnull=yes
ac_cv_func_memset=yes
ac_cv_func_realpath=yes
ac_cv_header_dlfcn_h=yes
ac_cv_header_float_h=yes
ac_cv_header_iconv_h=yes
ac_cv_header_inttypes_h=yes
ac_cv_header_langinfo_h=yes
ac_cv_header_limits_h=yes
ac_cv_header_localcharset_h=yes
ac_cv_header_locale_h=yes
ac_cv_header_memory_h=yes
ac_cv_header_readline_history_h=yes
ac_cv_header_readline_readline_h=yes
ac_cv_header_regex_h=yes
ac_cv_header_stdc=yes
ac_cv_header_stdint_h=yes
ac_cv_header_stdlib_h=yes
ac_cv_header_string_h=yes
ac_cv_header_strings_h=yes
ac_cv_header_sys_stat_h=yes
ac_cv_header_sys_time_h=yes
ac_cv_header_sys_types_h=yes
ac_cv_header_time=yes
ac_cv_header_unistd_h=yes
ac_cv_host=i386-apple-darwin9.6.0
ac_cv_lib_c_iconv_open=no
ac_cv_lib_c_socket=yes
ac_cv_lib_iconv_iconv_open=yes
ac_cv_lib_ncurses_tputs=yes
ac_cv_lib_pthread_pthread_create=yes
ac_cv_lib_readline_readline=yes
ac_cv_lib_socket_socket=no
ac_cv_lib_sqlite3_sqlite3_open=yes
ac_cv_objext=o
ac_cv_path_EGREP='/usr/bin/grep -E'
ac_cv_path_GREP=/usr/bin/grep
ac_cv_path_install='/usr/bin/install -c'
ac_cv_prog_AWK=awk
ac_cv_prog_CPP='gcc -E'
ac_cv_prog_CXXCPP='g++ -E'
ac_cv_prog_ac_ct_AR=ar
ac_cv_prog_ac_ct_CC=gcc
ac_cv_prog_ac_ct_CXX=g++
ac_cv_prog_ac_ct_RANLIB=ranlib
ac_cv_prog_ac_ct_STRIP=strip
ac_cv_prog_cc_c89=
ac_cv_prog_cc_g=yes
ac_cv_prog_cxx_g=yes
ac_cv_prog_f77_g=no
ac_cv_prog_make_make_set=yes
ac_cv_struct_tm=time.h
ac_cv_type_size_t=yes
am_cv_CC_dependencies_compiler_type=gcc3
am_cv_CXX_dependencies_compiler_type=gcc3
lt_cv_deplibs_check_method=pass_all
lt_cv_file_magic_cmd='$MAGIC_CMD'
lt_cv_file_magic_test_file=
lt_cv_ld_reload_flag=-r
lt_cv_objdir=.libs
lt_cv_path_LD=/usr/libexec/gcc/i686-apple-darwin9/4.0.1/ld
lt_cv_path_LDCXX=/usr/libexec/gcc/i686-apple-darwin9/4.0.1/ld
lt_cv_path_NM='/usr/bin/nm -p'
lt_cv_path_SED=/usr/bin/sed
lt_cv_prog_compiler_c_o=yes
lt_cv_prog_compiler_c_o_CXX=yes
lt_cv_prog_compiler_rtti_exceptions=no
lt_cv_prog_gnu_ld=no
lt_cv_prog_gnu_ldcxx=no
lt_cv_sys_global_symbol_pipe='sed -n -e '\''s/^.*[ 	]\([BCDEGRST][BCDEGRST]*\)[ 	][ 	]*_\([_A-Za-z][_A-Za-z0-9]*\)$/\1 _\2 \2/p'\'''
lt_cv_sys_global_symbol_to_c_name_address='sed -n -e '\''s/^: \([^ ]*\) $/  {\"\1\", (lt_ptr) 0},/p'\'' -e '\''s/^[BCDEGRST] \([^ ]*\) \([^ ]*\)$/  {"\2", (lt_ptr) \&\2},/p'\'''
lt_cv_sys_global_symbol_to_cdecl='sed -n -e '\''s/^. .* \(.*\)$/extern int \1;/p'\'''
lt_cv_sys_max_cmd_len=196608
lt_lt_cv_prog_compiler_c_o='"yes"'
lt_lt_cv_prog_compiler_c_o_CXX='"yes"'
lt_lt_cv_sys_global_symbol_pipe='"sed -n -e '\''s/^.*[ 	]\\([BCDEGRST][BCDEGRST]*\\)[ 	][ 	]*_\\([_A-Za-z][_A-Za-z0-9]*\\)\$/\\1 _\\2 \\2/p'\''"'
lt_lt_cv_sys_global_symbol_to_c_name_address='"sed -n -e '\''s/^: \\([^ ]*\\) \$/  {\\\"\\1\\\", (lt_ptr) 0},/p'\'' -e '\''s/^[BCDEGRST] \\([^ ]*\\) \\([^ ]*\\)\$/  {\"\\2\", (lt_ptr) \\&\\2},/p'\''"'
lt_lt_cv_sys_global_symbol_to_cdecl='"sed -n -e '\''s/^. .* \\(.*\\)\$/extern int \\1;/p'\''"'

## ----------------- ##
## Output variables. ##
## ----------------- ##

ACLOCAL='${SHELL} /Users/kimio/svn/konoha/trunk/konoha-0.5/missing --run aclocal-1.10'
AMDEPBACKSLASH='\'
AMDEP_FALSE='#'
AMDEP_TRUE=''
AMTAR='${SHELL} /Users/kimio/svn/konoha/trunk/konoha-0.5/missing --run tar'
AR='ar'
AS='as'
AUTOCONF='${SHELL} /Users/kimio/svn/konoha/trunk/konoha-0.5/missing --run autoconf'
AUTOHEADER='${SHELL} /Users/kimio/svn/konoha/trunk/konoha-0.5/missing --run autoheader'
AUTOMAKE='${SHELL} /Users/kimio/svn/konoha/trunk/konoha-0.5/missing --run automake-1.10'
AWK='awk'
CC='gcc'
CCDEPMODE='depmode=gcc3'
CFLAGS='-g -O2'
CPP='gcc -E'
CPPFLAGS=''
CXX='g++'
CXXCPP='g++ -E'
CXXDEPMODE='depmode=gcc3'
CXXFLAGS='-g -O2'
CYGPATH_W='echo'
DEFS='-DHAVE_CONFIG_H'
DEPDIR='.deps'
DLLTOOL='dlltool'
ECHO='/bin/echo'
ECHO_C='ECHO_N=''
ECHO_T=''
EGREP='/usr/bin/grep -E'
EXEEXT=''
F77=''
FFLAGS=''
GREP='/usr/bin/grep'
INSTALL_DATA='${INSTALL} -m 644'
INSTALL_PROGRAM='${INSTALL}'
INSTALL_SCRIPT='${INSTALL}'
INSTALL_STRIP_PROGRAM='$(install_sh) -c -s'
LDFLAGS=''
LIBICONV='-liconv'
LIBOBJS=''
LIBREADLINE='-lreadline'
LIBS=' -liconv -lncurses -lreadline -lsqlite3 -lpthread'
LIBSOCKET=''
LIBSQLITE3='-lsqlite3'
LIBTHREAD='-lpthread'
LIBTOOL='$(SHELL) $(top_builddir)/libtool'
LN_S='ln -s'
LTLIBOBJS=''
MAKEINFO='${SHELL} /Users/kimio/svn/konoha/trunk/konoha-0.5/missing --run makeinfo'
OBJDUMP='objdump'
OBJEXT='o'
PACKAGE='konoha'
PACKAGE_BUGREPORT='konoha-bugs@list.sourceforge.jp'
PACKAGE_NAME='konoha'
PACKAGE_STRING='konoha 0.3.11'
PACKAGE_TARNAME='konoha'
PACKAGE_VERSION='0.3.11'
PATH_SEPARATOR=':'
RANLIB='ranlib'
SET_MAKE=''
SHELL='/bin/sh'
STRIP='strip'
VERSION='0.3.11'
WITH_ICONV_01='0'
WITH_READLINE_01='1'
WITH_SOCKET_01='1'
WITH_THREAD_01='1'
ac_ct_CC='gcc'
ac_ct_CXX='g++'
ac_ct_F77=''
am__fastdepCC_FALSE='#'
am__fastdepCC_TRUE=''
am__fastdepCXX_FALSE='#'
am__fastdepCXX_TRUE=''
am__include='include'
am__isrc=''
am__leading_dot='.'
am__quote=''
am__tar='${AMTAR} chof - "$$tardir"'
am__untar='${AMTAR} xf -'
bindir='${exec_prefix}/bin'
build='i386-apple-darwin9.6.0'
build_alias=''
build_cpu='i386'
build_os='darwin9.6.0'
build_vendor='apple'
datadir='${datarootdir}'
datarootdir='${prefix}/share'
docdir='${datarootdir}/doc/${PACKAGE_TARNAME}'
dvidir='${docdir}'
exec_prefix='${prefix}'
host='i386-apple-darwin9.6.0'
host_alias=''
host_cpu='i386'
host_os='darwin9.6.0'
host_vendor='apple'
htmldir='${docdir}'
includedir='${prefix}/include'
infodir='${datarootdir}/info'
install_sh='$(SHELL) /Users/kimio/svn/konoha/trunk/konoha-0.5/install-sh'
libdir='${exec_prefix}/lib'
libexecdir='${exec_prefix}/libexec'
localedir='${datarootdir}/locale'
localstatedir='${prefix}/var'
mandir='${datarootdir}/man'
mkdir_p='$(top_builddir)/./install-sh -c -d'
oldincludedir='/usr/include'
pdfdir='${docdir}'
prefix='/usr/local'
program_transform_name='s,x,x,'
psdir='${docdir}'
sbindir='${exec_prefix}/sbin'
sharedstatedir='${prefix}/com'
sysconfdir='${prefix}/etc'
target_alias=''

## ----------- ##
## confdefs.h. ##
## ----------- ##

#define PACKAGE_NAME "konoha"
#define PACKAGE_TARNAME "konoha"
#define PACKAGE_VERSION "0.3.11"
#define PACKAGE_STRING "konoha 0.3.11"
#define PACKAGE_BUGREPORT "konoha-bugs@list.sourceforge.jp"
#define STDC_HEADERS 1
#define HAVE_SYS_TYPES_H 1
#define HAVE_SYS_STAT_H 1
#define HAVE_STDLIB_H 1
#define HAVE_STRING_H 1
#define HAVE_MEMORY_H 1
#define HAVE_STRINGS_H 1
#define HAVE_INTTYPES_H 1
#define HAVE_STDINT_H 1
#define HAVE_UNISTD_H 1
#define HAVE_DLFCN_H 1
#define STDC_HEADERS 1
#define HAVE_FLOAT_H 1
#define HAVE_LANGINFO_H 1
#define HAVE_LOCALCHARSET_H 1
#define HAVE_LIMITS_H 1
#define HAVE_LOCALE_H 1
#define HAVE_STDLIB_H 1
#define HAVE_STRING_H 1
#define HAVE_SYS_TIME_H 1
#define HAVE_UNISTD_H 1
#define HAVE_ICONV_H 1
#define HAVE_READLINE_READLINE_H 1
#define TIME_WITH_SYS_TIME 1
#define HAVE_STDLIB_H 1
#define HAVE_MALLOC 1
#define HAVE_ISASCII 1
#define HAVE_MEMSET 1
#define HAVE_REALPATH 1
#define KNH_USING_READLINE 1
#define KNH_USING_SOCKET 1
#define KNH_USING_SQLITE3 1
#define KNH_USING_PTHREAD 1
#define KNH_USING_THREAD 1
#define ACCONFIG_KONOHA_OS darwin9.6.0
#define KNH_PREFIX "/usr/local"
#define KONOHA_CONFIG_OS "darwin9.6.0"

configure: exit 0

## ---------------------- ##
## Running config.status. ##
## ---------------------- ##

This file was extended by konoha config.status 0.3.11, which was
generated by GNU Autoconf 2.61.  Invocation command line was

  CONFIG_FILES    = 
  CONFIG_HEADERS  = 
  CONFIG_LINKS    = 
  CONFIG_COMMANDS = 
  $ ./config.status 

on kakashi.local

config.status:674: creating Makefile
config.status:674: creating build/Makefile
config.status:674: creating config.h
config.status:925: config.h is unchanged
config.status:971: executing depfiles commands
